{"level":"info","message":"K33P Manager initialized successfully","service":"k33p-backend","timestamp":"2025-05-30T11:58:26.583Z"}
{"level":"info","message":"K33P Backend Server running on port 3000","service":"k33p-backend","timestamp":"2025-05-30T11:58:26.807Z"}
{"level":"info","message":"Health check: http://localhost:3000/api/health","service":"k33p-backend","timestamp":"2025-05-30T11:58:26.816Z"}
{"ip":"::1","level":"info","message":"GET /api/health","service":"k33p-backend","timestamp":"2025-05-30T11:58:53.997Z","userAgent":"Mozilla/5.0 (Windows NT 10.0; Win64; x64) AppleWebKit/537.36 (KHTML, like Gecko) Trae/1.98.2 Chrome/132.0.6834.196 Electron/34.2.0 Safari/537.36"}
{"level":"info","message":"SIGINT received, shutting down gracefully","service":"k33p-backend","timestamp":"2025-05-30T11:59:21.655Z"}
{"level":"info","message":"K33P Manager initialized successfully","service":"k33p-backend","timestamp":"2025-05-30T12:15:53.339Z"}
{"level":"info","message":"K33P Backend Server running on port 3000","service":"k33p-backend","timestamp":"2025-05-30T12:15:53.354Z"}
{"level":"info","message":"Health check: http://localhost:3000/api/health","service":"k33p-backend","timestamp":"2025-05-30T12:15:53.355Z"}
{"ip":"::1","level":"info","message":"GET /","service":"k33p-backend","timestamp":"2025-05-30T12:16:04.517Z","userAgent":"Mozilla/5.0 (Windows NT 10.0; Win64; x64) AppleWebKit/537.36 (KHTML, like Gecko) Trae/1.98.2 Chrome/132.0.6834.196 Electron/34.2.0 Safari/537.36"}
{"ip":"::1","level":"info","message":"GET /api/health","service":"k33p-backend","timestamp":"2025-05-30T12:16:15.753Z","userAgent":"curl/8.9.1"}
{"body":{"phoneNumber":"+1234567890","pin":"1234","userId":"test123","verificationMethod":"pin","walletAddress":"addr_test1vqymx67q572k8z5ln0850m35a6amuw25wg09slrwuv9g0vq7zup5x"},"ip":"::1","level":"info","message":"POST /api/signup","service":"k33p-backend","timestamp":"2025-05-30T12:16:36.311Z","userAgent":"curl/8.9.1"}
{"body":{"phoneNumber":"+1234567890","pin":"1234","txHash":"5a261956ff8eb1e3abc50acade32ab08914f80e814940b786f33cddd8024b419","userAddress":"addr_test1vqymx67q572k8z5ln0850m35a6amuw25wg09slrwuv9g0vq7zup5x","userId":"test123","verificationMethod":"pin"},"ip":"::1","level":"info","message":"POST /api/signup","service":"k33p-backend","timestamp":"2025-05-30T12:17:44.446Z","userAgent":"curl/8.9.1"}
{"level":"info","message":"Processing signup request","service":"k33p-backend","timestamp":"2025-05-30T12:17:44.454Z","txHash":"5a261956ff8eb1e3abc50acade32ab08914f80e814940b786f33cddd8024b419","userAddress":"addr_test1vqymx67q572k8z5ln0850m35a6amuw25wg09slrwuv9g0vq7zup5x","userId":"test123","verificationMethod":"pin"}
{"level":"error","message":"Error processing signup: Do not know how to serialize a BigInt","service":"k33p-backend","stack":"TypeError: Do not know how to serialize a BigInt\n    at JSON.stringify (<anonymous>)\n    at EnhancedK33PManager.saveDeposits (file:///C:/Users/USER/Desktop/K33P_Smart_Contract/backend/src/k33p-signup-interactions.ts:475:54)\n    at EnhancedK33PManager.recordSignupWithVerification (file:///C:/Users/USER/Desktop/K33P_Smart_Contract/backend/src/k33p-signup-interactions.ts:245:14)\n    at process.processTicksAndRejections (node:internal/process/task_queues:105:5)\n    at async file:///C:/Users/USER/Desktop/K33P_Smart_Contract/backend/src/k33p-backend-server.ts:137:24","timestamp":"2025-05-30T12:17:45.771Z"}
{"body":{"phoneNumber":"+1234567890","pin":"1234","txHash":"5a261956ff8eb1e3abc50acade32ab08914f80e814940b786f33cddd8024b419","userAddress":"addr_test1vqymx67q572k8z5ln0850m35a6amuw25wg09slrwuv9g0vq7zup5x","userId":"test123","verificationMethod":"pin"},"ip":"::1","level":"info","message":"POST /api/signup","service":"k33p-backend","timestamp":"2025-05-30T12:17:50.517Z","userAgent":"curl/8.9.1"}
{"level":"info","message":"Processing signup request","service":"k33p-backend","timestamp":"2025-05-30T12:17:50.543Z","txHash":"5a261956ff8eb1e3abc50acade32ab08914f80e814940b786f33cddd8024b419","userAddress":"addr_test1vqymx67q572k8z5ln0850m35a6amuw25wg09slrwuv9g0vq7zup5x","userId":"test123","verificationMethod":"pin"}
{"level":"error","message":"Error processing signup: Do not know how to serialize a BigInt","service":"k33p-backend","stack":"TypeError: Do not know how to serialize a BigInt\n    at JSON.stringify (<anonymous>)\n    at EnhancedK33PManager.saveDeposits (file:///C:/Users/USER/Desktop/K33P_Smart_Contract/backend/src/k33p-signup-interactions.ts:475:54)\n    at EnhancedK33PManager.recordSignupWithVerification (file:///C:/Users/USER/Desktop/K33P_Smart_Contract/backend/src/k33p-signup-interactions.ts:245:14)\n    at process.processTicksAndRejections (node:internal/process/task_queues:105:5)\n    at async file:///C:/Users/USER/Desktop/K33P_Smart_Contract/backend/src/k33p-backend-server.ts:137:24","timestamp":"2025-05-30T12:17:51.387Z"}
{"level":"info","message":"K33P Manager initialized successfully","service":"k33p-backend","timestamp":"2025-05-30T12:24:11.797Z"}
{"level":"info","message":"K33P Backend Server running on port 3000","service":"k33p-backend","timestamp":"2025-05-30T12:24:11.873Z"}
{"level":"info","message":"Health check: http://localhost:3000/api/health","service":"k33p-backend","timestamp":"2025-05-30T12:24:11.916Z"}
{"ip":"::1","level":"info","message":"GET /","service":"k33p-backend","timestamp":"2025-05-30T12:24:19.712Z","userAgent":"Mozilla/5.0 (Windows NT 10.0; Win64; x64) AppleWebKit/537.36 (KHTML, like Gecko) Trae/1.98.2 Chrome/132.0.6834.196 Electron/34.2.0 Safari/537.36"}
{"ip":"::1","level":"info","message":"GET /","service":"k33p-backend","timestamp":"2025-05-30T12:24:19.819Z","userAgent":"Mozilla/5.0 (Windows NT 10.0; Win64; x64) AppleWebKit/537.36 (KHTML, like Gecko) Trae/1.98.2 Chrome/132.0.6834.196 Electron/34.2.0 Safari/537.36"}
{"level":"info","message":"SIGINT received, shutting down gracefully","service":"k33p-backend","timestamp":"2025-05-30T12:24:52.719Z"}
{"level":"info","message":"K33P Manager initialized successfully","service":"k33p-backend","timestamp":"2025-05-30T12:26:21.066Z"}
{"level":"info","message":"K33P Backend Server running on port 3000","service":"k33p-backend","timestamp":"2025-05-30T12:26:21.088Z"}
{"level":"info","message":"Health check: http://localhost:3000/api/health","service":"k33p-backend","timestamp":"2025-05-30T12:26:21.093Z"}
{"ip":"::1","level":"info","message":"GET /","service":"k33p-backend","timestamp":"2025-05-30T12:26:22.865Z","userAgent":"Mozilla/5.0 (Windows NT 10.0; Win64; x64) AppleWebKit/537.36 (KHTML, like Gecko) Trae/1.98.2 Chrome/132.0.6834.196 Electron/34.2.0 Safari/537.36"}
{"level":"info","message":"SIGINT received, shutting down gracefully","service":"k33p-backend","timestamp":"2025-05-30T12:28:10.320Z"}
{"level":"info","message":"K33P Manager initialized successfully","service":"k33p-backend","timestamp":"2025-05-30T12:28:45.915Z"}
{"level":"info","message":"K33P Backend Server running on port 3000","service":"k33p-backend","timestamp":"2025-05-30T12:28:45.966Z"}
{"level":"info","message":"Health check: http://localhost:3000/api/health","service":"k33p-backend","timestamp":"2025-05-30T12:28:46.040Z"}
{"ip":"::1","level":"info","message":"GET /","service":"k33p-backend","timestamp":"2025-05-30T12:28:48.724Z","userAgent":"Mozilla/5.0 (Windows NT 10.0; Win64; x64) AppleWebKit/537.36 (KHTML, like Gecko) Trae/1.98.2 Chrome/132.0.6834.196 Electron/34.2.0 Safari/537.36"}
{"level":"info","message":"SIGINT received, shutting down gracefully","service":"k33p-backend","timestamp":"2025-05-30T12:29:13.672Z"}
{"level":"info","message":"K33P Manager initialized successfully","service":"k33p-backend","timestamp":"2025-05-30T12:29:54.322Z"}
{"level":"info","message":"K33P Backend Server running on port 3000","service":"k33p-backend","timestamp":"2025-05-30T12:29:54.344Z"}
{"level":"info","message":"Health check: http://localhost:3000/api/health","service":"k33p-backend","timestamp":"2025-05-30T12:29:54.349Z"}
{"ip":"::1","level":"info","message":"GET /","service":"k33p-backend","timestamp":"2025-05-30T12:29:54.913Z","userAgent":"Mozilla/5.0 (Windows NT 10.0; Win64; x64) AppleWebKit/537.36 (KHTML, like Gecko) Trae/1.98.2 Chrome/132.0.6834.196 Electron/34.2.0 Safari/537.36"}
{"level":"info","message":"SIGINT received, shutting down gracefully","service":"k33p-backend","timestamp":"2025-05-30T12:30:22.432Z"}
{"level":"info","message":"K33P Manager initialized successfully","service":"k33p-backend","timestamp":"2025-05-30T12:59:52.312Z"}
{"level":"info","message":"K33P Backend Server running on port 3000","service":"k33p-backend","timestamp":"2025-05-30T12:59:52.404Z"}
{"level":"info","message":"Health check: http://localhost:3000/api/health","service":"k33p-backend","timestamp":"2025-05-30T12:59:52.436Z"}
{"ip":"::1","level":"info","message":"GET /api/health","service":"k33p-backend","timestamp":"2025-05-30T13:00:12.287Z","userAgent":"Mozilla/5.0 (Windows NT; Windows NT 10.0; en-US) WindowsPowerShell/5.1.22621.4249"}
{"ip":"::1","level":"info","message":"GET /api/deposits","service":"k33p-backend","timestamp":"2025-05-30T13:00:43.563Z","userAgent":"Mozilla/5.0 (Windows NT; Windows NT 10.0; en-US) WindowsPowerShell/5.1.22621.4249"}
{"ip":"::1","level":"info","message":"GET /api/status","service":"k33p-backend","timestamp":"2025-05-30T13:00:59.288Z","userAgent":"Mozilla/5.0 (Windows NT; Windows NT 10.0; en-US) WindowsPowerShell/5.1.22621.4249"}
{"ip":"::1","level":"info","message":"GET /api/deposit-address","service":"k33p-backend","timestamp":"2025-05-30T13:01:44.848Z","userAgent":"Mozilla/5.0 (Windows NT; Windows NT 10.0; en-US) WindowsPowerShell/5.1.22621.4249"}
{"ip":"::1","level":"info","message":"GET /api/user/addr_test1qquds2rqarqkk40lncfu88cwhptxekt7j0eccucpd2a43a35pel7jwkfmsf8zrjwsklm4czm5wqsgxwst5mrw86kt84qs7m4na/status","service":"k33p-backend","timestamp":"2025-05-30T13:02:21.588Z","userAgent":"Mozilla/5.0 (Windows NT; Windows NT 10.0; en-US) WindowsPowerShell/5.1.22621.4249"}
{"ip":"::1","level":"info","message":"GET /","service":"k33p-backend","timestamp":"2025-05-30T13:03:10.207Z","userAgent":"Mozilla/5.0 (Windows NT 10.0; Win64; x64) AppleWebKit/537.36 (KHTML, like Gecko) Trae/1.98.2 Chrome/132.0.6834.196 Electron/34.2.0 Safari/537.36"}
{"ip":"::1","level":"info","message":"GET /api/health","service":"k33p-backend","timestamp":"2025-05-30T13:03:21.974Z","userAgent":"Mozilla/5.0 (Windows NT 10.0; Win64; x64) AppleWebKit/537.36 (KHTML, like Gecko) Trae/1.98.2 Chrome/132.0.6834.196 Electron/34.2.0 Safari/537.36"}
{"ip":"::1","level":"info","message":"GET /api/health","service":"k33p-backend","timestamp":"2025-05-30T13:03:45.590Z","userAgent":"Mozilla/5.0 (Windows NT 10.0; Win64; x64) AppleWebKit/537.36 (KHTML, like Gecko) Trae/1.98.2 Chrome/132.0.6834.196 Electron/34.2.0 Safari/537.36"}
{"ip":"::1","level":"info","message":"GET /api/health","service":"k33p-backend","timestamp":"2025-05-30T13:09:10.905Z","userAgent":"Mozilla/5.0 (Windows NT 10.0; Win64; x64) AppleWebKit/537.36 (KHTML, like Gecko) Trae/1.98.2 Chrome/132.0.6834.196 Electron/34.2.0 Safari/537.36"}
{"ip":"::1","level":"info","message":"GET /api/health","service":"k33p-backend","timestamp":"2025-05-30T13:09:10.981Z","userAgent":"Mozilla/5.0 (Windows NT 10.0; Win64; x64) AppleWebKit/537.36 (KHTML, like Gecko) Trae/1.98.2 Chrome/132.0.6834.196 Electron/34.2.0 Safari/537.36"}
{"level":"info","message":"K33P Manager initialized successfully","service":"k33p-backend","timestamp":"2025-05-30T17:55:37.471Z"}
{"level":"info","message":"K33P Backend Server running on port 3000","service":"k33p-backend","timestamp":"2025-05-30T17:55:37.659Z"}
{"level":"info","message":"Health check: http://localhost:3000/api/health","service":"k33p-backend","timestamp":"2025-05-30T17:55:37.833Z"}
{"level":"info","message":"K33P Manager initialized successfully","service":"k33p-backend","timestamp":"2025-05-30T18:50:36.472Z"}
{"level":"info","message":"K33P Backend Server running on port 3000","service":"k33p-backend","timestamp":"2025-05-30T18:50:36.534Z"}
{"level":"info","message":"Health check: http://localhost:3000/api/health","service":"k33p-backend","timestamp":"2025-05-30T18:50:36.571Z"}
{"level":"info","message":"K33P Manager initialized successfully","service":"k33p-backend","timestamp":"2025-05-30T19:24:38.408Z"}
{"level":"info","message":"K33P Backend Server running on port 3000","service":"k33p-backend","timestamp":"2025-05-30T19:24:38.570Z"}
{"level":"info","message":"Health check: http://localhost:3000/api/health","service":"k33p-backend","timestamp":"2025-05-30T19:24:38.661Z"}
{"level":"info","message":"SIGINT received, shutting down gracefully","service":"k33p-backend","timestamp":"2025-05-30T19:24:38.934Z"}
{"level":"info","message":"K33P Manager initialized successfully","service":"k33p-backend","timestamp":"2025-05-31T00:23:07.262Z"}
{"level":"info","message":"K33P Backend Server running on port 3000","service":"k33p-backend","timestamp":"2025-05-31T00:23:07.338Z"}
{"level":"info","message":"Health check: http://localhost:3000/api/health","service":"k33p-backend","timestamp":"2025-05-31T00:23:07.344Z"}
{"level":"info","message":"SIGINT received, shutting down gracefully","service":"k33p-backend","timestamp":"2025-05-31T00:23:27.038Z"}
{"level":"info","message":"K33P Manager initialized successfully","service":"k33p-backend","timestamp":"2025-05-31T00:23:39.571Z"}
{"level":"info","message":"K33P Backend Server running on port 3000","service":"k33p-backend","timestamp":"2025-05-31T00:23:39.614Z"}
{"level":"info","message":"Health check: http://localhost:3000/api/health","service":"k33p-backend","timestamp":"2025-05-31T00:23:39.635Z"}
{"ip":"::1","level":"info","message":"GET /api/health","service":"k33p-backend","timestamp":"2025-05-31T00:55:55.650Z","userAgent":"Mozilla/5.0 (Windows NT 10.0; Win64; x64) AppleWebKit/537.36 (KHTML, like Gecko) Trae/1.98.2 Chrome/132.0.6834.196 Electron/34.2.0 Safari/537.36"}
{"body":{"phoneNumber":"1234567890","userAddress":"addr_test123","userId":"testuser"},"ip":"::1","level":"info","message":"POST /api/signup","service":"k33p-backend","timestamp":"2025-05-31T00:56:11.882Z","userAgent":"curl/8.9.1"}
{"level":"info","message":"K33P Manager initialized successfully","service":"k33p-backend","timestamp":"2025-05-31T00:58:40.163Z"}
{"level":"info","message":"K33P Backend Server running on port 3000","service":"k33p-backend","timestamp":"2025-05-31T00:58:40.306Z"}
{"level":"info","message":"Health check: http://localhost:3000/api/health","service":"k33p-backend","timestamp":"2025-05-31T00:58:40.379Z"}
{"ip":"::1","level":"info","message":"GET /","service":"k33p-backend","timestamp":"2025-05-31T00:58:46.153Z","userAgent":"Mozilla/5.0 (Windows NT 10.0; Win64; x64) AppleWebKit/537.36 (KHTML, like Gecko) Trae/1.98.2 Chrome/132.0.6834.196 Electron/34.2.0 Safari/537.36"}
{"ip":"::1","level":"info","message":"GET /api/health","service":"k33p-backend","timestamp":"2025-05-31T00:59:01.716Z","userAgent":"Mozilla/5.0 (Windows NT 10.0; Win64; x64) AppleWebKit/537.36 (KHTML, like Gecko) Trae/1.98.2 Chrome/132.0.6834.196 Electron/34.2.0 Safari/537.36"}
{"body":{"phoneNumber":"1234567890","userAddress":"addr_test123","userId":"testuser"},"ip":"::1","level":"info","message":"POST /api/signup","service":"k33p-backend","timestamp":"2025-05-31T00:59:16.312Z","userAgent":"curl/8.9.1"}
{"level":"info","message":"Processing signup request","service":"k33p-backend","timestamp":"2025-05-31T00:59:16.352Z","userAddress":"addr_test123","userId":"testuser","verificationMethod":"phone"}
{"ip":"::1","level":"info","message":"GET /api/health","service":"k33p-backend","timestamp":"2025-05-31T01:00:24.491Z","userAgent":"Mozilla/5.0 (Windows NT 10.0; Win64; x64) AppleWebKit/537.36 (KHTML, like Gecko) Trae/1.98.2 Chrome/132.0.6834.196 Electron/34.2.0 Safari/537.36"}
{"ip":"::1","level":"info","message":"GET /api/health","service":"k33p-backend","timestamp":"2025-05-31T01:00:24.681Z","userAgent":"Mozilla/5.0 (Windows NT 10.0; Win64; x64) AppleWebKit/537.36 (KHTML, like Gecko) Trae/1.98.2 Chrome/132.0.6834.196 Electron/34.2.0 Safari/537.36"}
{"level":"info","message":"SIGINT received, shutting down gracefully","service":"k33p-backend","timestamp":"2025-05-31T02:20:42.202Z"}
{"level":"info","message":"K33P Manager initialized successfully","service":"k33p-backend","timestamp":"2025-06-21T14:37:48.977Z"}
{"level":"info","message":"K33P Backend Server running on port 3000","service":"k33p-backend","timestamp":"2025-06-21T14:37:48.991Z"}
{"level":"info","message":"Health check: http://localhost:3000/api/health","service":"k33p-backend","timestamp":"2025-06-21T14:37:48.994Z"}
{"level":"info","message":"SIGINT received, shutting down gracefully","service":"k33p-backend","timestamp":"2025-06-21T14:38:14.331Z"}
{"level":"info","message":"K33P Manager initialized successfully","service":"k33p-backend","timestamp":"2025-06-21T14:39:28.881Z"}
{"level":"info","message":"K33P Backend Server running on port 3000","service":"k33p-backend","timestamp":"2025-06-21T14:39:28.942Z"}
{"level":"info","message":"Health check: http://localhost:3000/api/health","service":"k33p-backend","timestamp":"2025-06-21T14:39:29.015Z"}
{"level":"info","message":"SIGINT received, shutting down gracefully","service":"k33p-backend","timestamp":"2025-06-21T14:39:44.217Z"}
{"level":"info","message":"K33P Manager initialized successfully","service":"k33p-backend","timestamp":"2025-06-21T14:40:44.525Z"}
{"level":"info","message":"K33P Backend Server running on port 3000","service":"k33p-backend","timestamp":"2025-06-21T14:40:44.563Z"}
{"level":"info","message":"Health check: http://localhost:3000/api/health","service":"k33p-backend","timestamp":"2025-06-21T14:40:44.607Z"}
{"level":"info","message":"SIGINT received, shutting down gracefully","service":"k33p-backend","timestamp":"2025-06-21T14:52:07.765Z"}
{"level":"info","message":"K33P Manager initialized successfully","service":"k33p-backend","timestamp":"2025-06-21T14:53:31.617Z"}
{"level":"info","message":"K33P Backend Server running on port 3000","service":"k33p-backend","timestamp":"2025-06-21T14:53:31.707Z"}
{"level":"info","message":"Health check: http://localhost:3000/api/health","service":"k33p-backend","timestamp":"2025-06-21T14:53:31.737Z"}
{"ip":"::1","level":"info","message":"GET /?ide_webview_request_time=1750517623366","service":"k33p-backend","timestamp":"2025-06-21T14:53:43.437Z","userAgent":"Mozilla/5.0 (Windows NT 10.0; Win64; x64) AppleWebKit/537.36 (KHTML, like Gecko) Trae/1.98.2 Chrome/132.0.6834.196 Electron/34.2.0 Safari/537.36"}
{"level":"info","message":"K33P Manager initialized successfully","service":"k33p-backend","timestamp":"2025-06-21T14:57:47.429Z"}
{"ip":"::1","level":"info","message":"POST /api/zk/commitment","service":"k33p-backend","timestamp":"2025-06-21T14:59:28.458Z","userAgent":"Mozilla/5.0 (Windows NT 10.0; Microsoft Windows 10.0.22621; en-US) PowerShell/7.5.1"}
{"ip":"::1","level":"info","message":"GET /api/health","service":"k33p-backend","timestamp":"2025-06-21T14:59:46.350Z","userAgent":"Mozilla/5.0 (Windows NT; Windows NT 10.0; en-US) WindowsPowerShell/5.1.22621.4249"}
{"ip":"::1","level":"info","message":"GET /api/health","service":"k33p-backend","timestamp":"2025-06-21T15:08:25.648Z","userAgent":"curl/8.9.1"}
{"ip":"::1","level":"info","message":"GET /api/zk","service":"k33p-backend","timestamp":"2025-06-21T15:08:42.724Z","userAgent":"curl/8.9.1"}
{"body":"null","expose":true,"level":"error","message":"Unhandled error: Unexpected token 'n', \"null\" is not valid JSON","service":"k33p-backend","stack":"SyntaxError: Unexpected token 'n', \"null\" is not valid JSON\n    at JSON.parse (<anonymous>)\n    at createStrictSyntaxError (C:\\Users\\USER\\Desktop\\K33P_Smart_Contract\\backend\\node_modules\\body-parser\\lib\\types\\json.js:169:10)\n    at parse (C:\\Users\\USER\\Desktop\\K33P_Smart_Contract\\backend\\node_modules\\body-parser\\lib\\types\\json.js:86:15)\n    at C:\\Users\\USER\\Desktop\\K33P_Smart_Contract\\backend\\node_modules\\body-parser\\lib\\read.js:128:18\n    at AsyncResource.runInAsyncScope (node:async_hooks:211:14)\n    at invokeCallback (C:\\Users\\USER\\Desktop\\K33P_Smart_Contract\\backend\\node_modules\\raw-body\\index.js:238:16)\n    at done (C:\\Users\\USER\\Desktop\\K33P_Smart_Contract\\backend\\node_modules\\raw-body\\index.js:227:7)\n    at IncomingMessage.onEnd (C:\\Users\\USER\\Desktop\\K33P_Smart_Contract\\backend\\node_modules\\raw-body\\index.js:287:7)\n    at IncomingMessage.emit (node:events:518:28)\n    at endReadableNT (node:internal/streams/readable:1698:12)","status":400,"statusCode":400,"timestamp":"2025-06-21T15:19:46.238Z","type":"entity.parse.failed"}
{"body":"null","expose":true,"level":"error","message":"Unhandled error: Unexpected token 'n', \"null\" is not valid JSON","service":"k33p-backend","stack":"SyntaxError: Unexpected token 'n', \"null\" is not valid JSON\n    at JSON.parse (<anonymous>)\n    at createStrictSyntaxError (C:\\Users\\USER\\Desktop\\K33P_Smart_Contract\\backend\\node_modules\\body-parser\\lib\\types\\json.js:169:10)\n    at parse (C:\\Users\\USER\\Desktop\\K33P_Smart_Contract\\backend\\node_modules\\body-parser\\lib\\types\\json.js:86:15)\n    at C:\\Users\\USER\\Desktop\\K33P_Smart_Contract\\backend\\node_modules\\body-parser\\lib\\read.js:128:18\n    at AsyncResource.runInAsyncScope (node:async_hooks:211:14)\n    at invokeCallback (C:\\Users\\USER\\Desktop\\K33P_Smart_Contract\\backend\\node_modules\\raw-body\\index.js:238:16)\n    at done (C:\\Users\\USER\\Desktop\\K33P_Smart_Contract\\backend\\node_modules\\raw-body\\index.js:227:7)\n    at IncomingMessage.onEnd (C:\\Users\\USER\\Desktop\\K33P_Smart_Contract\\backend\\node_modules\\raw-body\\index.js:287:7)\n    at IncomingMessage.emit (node:events:518:28)\n    at endReadableNT (node:internal/streams/readable:1698:12)","status":400,"statusCode":400,"timestamp":"2025-06-21T15:20:05.851Z","type":"entity.parse.failed"}
{"ip":"::1","level":"info","message":"GET /health","service":"k33p-backend","timestamp":"2025-06-21T15:20:57.651Z","userAgent":"Mozilla/5.0 (Windows NT; Windows NT 10.0; en-US) WindowsPowerShell/5.1.22621.4249"}
{"ip":"::1","level":"info","message":"GET /api/health","service":"k33p-backend","timestamp":"2025-06-21T15:21:16.732Z","userAgent":"Mozilla/5.0 (Windows NT; Windows NT 10.0; en-US) WindowsPowerShell/5.1.22621.4249"}
{"level":"info","message":"K33P Manager initialized successfully","service":"k33p-backend","timestamp":"2025-06-21T15:51:15.500Z"}
{"level":"info","message":"K33P Backend Server running on port 3000","service":"k33p-backend","timestamp":"2025-06-21T15:51:15.534Z"}
{"level":"info","message":"Health check: http://localhost:3000/api/health","service":"k33p-backend","timestamp":"2025-06-21T15:51:15.541Z"}
{"ip":"::1","level":"info","message":"GET /?ide_webview_request_time=1750521083897","service":"k33p-backend","timestamp":"2025-06-21T15:51:30.810Z","userAgent":"Mozilla/5.0 (Windows NT 10.0; Win64; x64) AppleWebKit/537.36 (KHTML, like Gecko) Trae/1.98.2 Chrome/132.0.6834.196 Electron/34.2.0 Safari/537.36"}
{"ip":"::1","level":"info","message":"GET /?ide_webview_request_time=1750521090860","service":"k33p-backend","timestamp":"2025-06-21T15:51:30.889Z","userAgent":"Mozilla/5.0 (Windows NT 10.0; Win64; x64) AppleWebKit/537.36 (KHTML, like Gecko) Trae/1.98.2 Chrome/132.0.6834.196 Electron/34.2.0 Safari/537.36"}
{"level":"info","message":"SIGINT received, shutting down gracefully","service":"k33p-backend","timestamp":"2025-06-21T15:54:07.982Z"}
{"level":"info","message":"K33P Manager initialized successfully","service":"k33p-backend","timestamp":"2025-06-21T16:06:18.732Z"}
{"level":"info","message":"K33P Backend Server running on port 3000","service":"k33p-backend","timestamp":"2025-06-21T16:06:18.752Z"}
{"level":"info","message":"Health check: http://localhost:3000/api/health","service":"k33p-backend","timestamp":"2025-06-21T16:06:18.756Z"}
{"level":"info","message":"SIGINT received, shutting down gracefully","service":"k33p-backend","timestamp":"2025-06-21T16:06:38.535Z"}
{"level":"info","message":"K33P Manager initialized successfully","service":"k33p-backend","timestamp":"2025-06-21T16:08:12.196Z"}
{"level":"info","message":"K33P Backend Server running on port 3000","service":"k33p-backend","timestamp":"2025-06-21T16:08:12.216Z"}
{"level":"info","message":"Health check: http://localhost:3000/api/health","service":"k33p-backend","timestamp":"2025-06-21T16:08:12.217Z"}
{"level":"info","message":"SIGINT received, shutting down gracefully","service":"k33p-backend","timestamp":"2025-06-21T16:08:25.244Z"}
{"level":"info","message":"K33P Manager initialized successfully","service":"k33p-backend","timestamp":"2025-06-21T16:09:45.604Z"}
{"level":"info","message":"K33P Backend Server running on port 3000","service":"k33p-backend","timestamp":"2025-06-21T16:09:45.672Z"}
{"level":"info","message":"Health check: http://localhost:3000/api/health","service":"k33p-backend","timestamp":"2025-06-21T16:09:45.692Z"}
{"ip":"::1","level":"info","message":"GET /?ide_webview_request_time=1750522197053","service":"k33p-backend","timestamp":"2025-06-21T16:10:04.572Z","userAgent":"Mozilla/5.0 (Windows NT 10.0; Win64; x64) AppleWebKit/537.36 (KHTML, like Gecko) Trae/1.98.2 Chrome/132.0.6834.196 Electron/34.2.0 Safari/537.36"}
{"ip":"::1","level":"info","message":"GET /?ide_webview_request_time=1750522204619","service":"k33p-backend","timestamp":"2025-06-21T16:10:04.705Z","userAgent":"Mozilla/5.0 (Windows NT 10.0; Win64; x64) AppleWebKit/537.36 (KHTML, like Gecko) Trae/1.98.2 Chrome/132.0.6834.196 Electron/34.2.0 Safari/537.36"}
{"level":"info","message":"SIGINT received, shutting down gracefully","service":"k33p-backend","timestamp":"2025-06-21T16:10:13.778Z"}
{"level":"info","message":"K33P Manager initialized successfully","service":"k33p-backend","timestamp":"2025-06-23T13:22:38.505Z"}
{"level":"info","message":"K33P Backend Server running on port 3000","service":"k33p-backend","timestamp":"2025-06-23T13:22:38.555Z"}
{"level":"info","message":"Health check: http://localhost:3000/api/health","service":"k33p-backend","timestamp":"2025-06-23T13:22:38.583Z"}
{"level":"info","message":"K33P Manager initialized successfully","service":"k33p-backend","timestamp":"2025-06-23T13:24:31.390Z"}
{"level":"info","message":"K33P Backend Server running on port 3000","service":"k33p-backend","timestamp":"2025-06-23T13:24:31.421Z"}
{"level":"info","message":"Health check: http://localhost:3000/api/health","service":"k33p-backend","timestamp":"2025-06-23T13:24:31.429Z"}
{"ip":"::1","level":"info","message":"POST /api/zk/commitment","service":"k33p-backend","timestamp":"2025-06-23T13:24:48.975Z"}
{"ip":"::1","level":"info","message":"POST /api/zk/proof","service":"k33p-backend","timestamp":"2025-06-23T13:24:49.024Z"}
{"ip":"::1","level":"info","message":"POST /api/zk/login","service":"k33p-backend","timestamp":"2025-06-23T13:24:49.042Z"}
{"ip":"::1","level":"info","message":"POST /api/zk/commitment","service":"k33p-backend","timestamp":"2025-06-23T13:26:09.259Z"}
{"ip":"::1","level":"info","message":"POST /api/auth/signup","service":"k33p-backend","timestamp":"2025-06-23T13:26:09.280Z"}
{"ip":"::1","level":"info","message":"POST /api/zk/commitment","service":"k33p-backend","timestamp":"2025-06-23T13:27:15.800Z"}
{"ip":"::1","level":"info","message":"POST /api/signup","service":"k33p-backend","timestamp":"2025-06-23T13:27:15.823Z"}
{"level":"info","message":"Processing signup request","senderWalletAddress":"addr_test1qzt68ehhy87n0ryhy4ql0ter983a3rw8e5h67rq0q9g0lkcwg7kr5az980qltvwdmfurwaml3wsn0uj4jwkslrc3zkq02naqr","service":"k33p-backend","timestamp":"2025-06-23T13:27:15.838Z","userAddress":"addr_test1qzt68ehhy87n0ryhy4ql0ter983a3rw8e5h67rq0q9g0lkcwg7kr5az980qltvwdmfurwaml3wsn0uj4jwkslrc3zkq02naqr","userId":"testuser_1750685235820","verificationMethod":"phone"}
{"ip":"::1","level":"info","message":"POST /api/zk/commitment","service":"k33p-backend","timestamp":"2025-06-23T13:27:56.186Z"}
{"ip":"::1","level":"info","message":"POST /api/zk/proof","service":"k33p-backend","timestamp":"2025-06-23T13:27:56.205Z"}
{"ip":"::1","level":"info","message":"POST /api/zk/login","service":"k33p-backend","timestamp":"2025-06-23T13:27:56.215Z"}
{"ip":"::1","level":"info","message":"POST /api/zk/commitment","service":"k33p-backend","timestamp":"2025-06-23T13:39:17.228Z"}
{"ip":"::1","level":"info","message":"POST /api/zk/proof","service":"k33p-backend","timestamp":"2025-06-23T13:39:17.251Z"}
{"ip":"::1","level":"info","message":"POST /api/zk/login","service":"k33p-backend","timestamp":"2025-06-23T13:39:17.262Z"}
{"ip":"::1","level":"info","message":"POST /api/zk/commitment","service":"k33p-backend","timestamp":"2025-06-23T13:39:32.625Z"}
{"ip":"::1","level":"info","message":"POST /api/signup","service":"k33p-backend","timestamp":"2025-06-23T13:39:32.642Z"}
{"level":"info","message":"Processing signup request","senderWalletAddress":"addr_test1qzt68ehhy87n0ryhy4ql0ter983a3rw8e5h67rq0q9g0lkcwg7kr5az980qltvwdmfurwaml3wsn0uj4jwkslrc3zkq02naqr","service":"k33p-backend","timestamp":"2025-06-23T13:39:32.646Z","userAddress":"addr_test1qzt68ehhy87n0ryhy4ql0ter983a3rw8e5h67rq0q9g0lkcwg7kr5az980qltvwdmfurwaml3wsn0uj4jwkslrc3zkq02naqr","userId":"testuser_1750685972640","verificationMethod":"phone"}
{"ip":"::1","level":"info","message":"POST /api/zk/commitment","service":"k33p-backend","timestamp":"2025-06-23T13:41:04.979Z"}
{"ip":"::1","level":"info","message":"POST /api/zk/proof","service":"k33p-backend","timestamp":"2025-06-23T13:41:05.076Z"}
{"ip":"::1","level":"info","message":"POST /api/zk/login","service":"k33p-backend","timestamp":"2025-06-23T13:41:05.085Z"}
{"ip":"::1","level":"info","message":"POST /api/zk/commitment","service":"k33p-backend","timestamp":"2025-06-23T13:41:41.915Z"}
{"ip":"::1","level":"info","message":"POST /api/zk/proof","service":"k33p-backend","timestamp":"2025-06-23T13:41:41.932Z"}
{"ip":"::1","level":"info","message":"POST /api/zk/login","service":"k33p-backend","timestamp":"2025-06-23T13:41:41.942Z"}
{"ip":"::1","level":"info","message":"POST /api/zk/commitment","service":"k33p-backend","timestamp":"2025-06-23T13:42:42.324Z"}
{"ip":"::1","level":"info","message":"POST /api/zk/proof","service":"k33p-backend","timestamp":"2025-06-23T13:42:42.415Z"}
{"ip":"::1","level":"info","message":"POST /api/zk/login","service":"k33p-backend","timestamp":"2025-06-23T13:42:42.456Z"}
{"level":"info","message":"K33P Manager initialized successfully","service":"k33p-backend","timestamp":"2025-06-23T14:59:33.732Z"}
{"level":"info","message":"K33P Backend Server running on port 3000","service":"k33p-backend","timestamp":"2025-06-23T14:59:33.769Z"}
{"level":"info","message":"Health check: http://localhost:3000/api/health","service":"k33p-backend","timestamp":"2025-06-23T14:59:33.771Z"}
{"ip":"::1","level":"info","message":"POST /api/signup","service":"k33p-backend","timestamp":"2025-06-23T15:00:29.461Z","userAgent":"Mozilla/5.0 (Windows NT 10.0; Microsoft Windows 10.0.22621; en-US) PowerShell/7.5.1"}
{"ip":"::1","level":"info","message":"POST /api/signup","service":"k33p-backend","timestamp":"2025-06-23T15:00:48.638Z","userAgent":"Mozilla/5.0 (Windows NT 10.0; Microsoft Windows 10.0.22621; en-US) PowerShell/7.5.1"}
{"body":"{\\","expose":true,"level":"error","message":"Unhandled error: Expected property name or '}' in JSON at position 1 (line 1 column 2)","service":"k33p-backend","stack":"SyntaxError: Expected property name or '}' in JSON at position 1 (line 1 column 2)\n    at JSON.parse (<anonymous>)\n    at parse (C:\\Users\\USER\\Desktop\\K33P_Smart_Contract\\backend\\node_modules\\body-parser\\lib\\types\\json.js:92:19)\n    at C:\\Users\\USER\\Desktop\\K33P_Smart_Contract\\backend\\node_modules\\body-parser\\lib\\read.js:128:18\n    at AsyncResource.runInAsyncScope (node:async_hooks:211:14)\n    at invokeCallback (C:\\Users\\USER\\Desktop\\K33P_Smart_Contract\\backend\\node_modules\\raw-body\\index.js:238:16)\n    at done (C:\\Users\\USER\\Desktop\\K33P_Smart_Contract\\backend\\node_modules\\raw-body\\index.js:227:7)\n    at IncomingMessage.onEnd (C:\\Users\\USER\\Desktop\\K33P_Smart_Contract\\backend\\node_modules\\raw-body\\index.js:287:7)\n    at IncomingMessage.emit (node:events:518:28)\n    at endReadableNT (node:internal/streams/readable:1698:12)\n    at process.processTicksAndRejections (node:internal/process/task_queues:90:21)","status":400,"statusCode":400,"timestamp":"2025-06-23T15:01:08.859Z","type":"entity.parse.failed"}
{"ip":"::1","level":"info","message":"POST /api/signup","service":"k33p-backend","timestamp":"2025-06-23T15:01:55.896Z"}
{"body":"{\\","expose":true,"level":"error","message":"Unhandled error: Expected property name or '}' in JSON at position 1 (line 1 column 2)","service":"k33p-backend","stack":"SyntaxError: Expected property name or '}' in JSON at position 1 (line 1 column 2)\n    at JSON.parse (<anonymous>)\n    at parse (C:\\Users\\USER\\Desktop\\K33P_Smart_Contract\\backend\\node_modules\\body-parser\\lib\\types\\json.js:92:19)\n    at C:\\Users\\USER\\Desktop\\K33P_Smart_Contract\\backend\\node_modules\\body-parser\\lib\\read.js:128:18\n    at AsyncResource.runInAsyncScope (node:async_hooks:211:14)\n    at invokeCallback (C:\\Users\\USER\\Desktop\\K33P_Smart_Contract\\backend\\node_modules\\raw-body\\index.js:238:16)\n    at done (C:\\Users\\USER\\Desktop\\K33P_Smart_Contract\\backend\\node_modules\\raw-body\\index.js:227:7)\n    at IncomingMessage.onEnd (C:\\Users\\USER\\Desktop\\K33P_Smart_Contract\\backend\\node_modules\\raw-body\\index.js:287:7)\n    at IncomingMessage.emit (node:events:518:28)\n    at endReadableNT (node:internal/streams/readable:1698:12)\n    at process.processTicksAndRejections (node:internal/process/task_queues:90:21)","status":400,"statusCode":400,"timestamp":"2025-06-23T15:02:12.672Z","type":"entity.parse.failed"}
{"ip":"::1","level":"info","message":"POST /api/signup","service":"k33p-backend","timestamp":"2025-06-23T15:03:20.853Z","userAgent":"Mozilla/5.0 (Windows NT 10.0; Microsoft Windows 10.0.22621; en-US) PowerShell/7.5.1"}
{"ip":"::1","level":"info","message":"POST /api/signup","service":"k33p-backend","timestamp":"2025-06-23T15:03:41.680Z","userAgent":"Mozilla/5.0 (Windows NT 10.0; Microsoft Windows 10.0.22621; en-US) PowerShell/7.5.1"}
